TN:
SF:script/DeployDSC.s.sol
FN:14,DeployDSC.run
FNDA:6,DeployDSC.run
DA:15,6
DA:16,6
DA:17,6
DA:18,6
DA:19,6
DA:20,6
DA:21,6
DA:22,6
DA:23,6
DA:24,6
FNF:1
FNH:1
LF:10
LH:10
BRF:0
BRH:0
end_of_record
TN:
SF:script/HelperConfig.s.sol
FN:25,HelperConfig.
FNDA:0,HelperConfig.
DA:26,0
BRDA:26,0,0,-
BRDA:26,0,1,-
DA:27,0
DA:30,0
FN:34,HelperConfig.getSepoliaEthConfig
FNDA:0,HelperConfig.getSepoliaEthConfig
DA:35,0
FN:44,HelperConfig.getOrCreateAnvilEthConfig
FNDA:0,HelperConfig.getOrCreateAnvilEthConfig
DA:45,0
BRDA:45,1,0,-
DA:46,0
DA:48,0
DA:49,0
DA:50,0
DA:52,0
DA:53,0
DA:54,0
DA:55,0
FNF:3
FNH:0
LF:13
LH:0
BRF:3
BRH:0
end_of_record
TN:
SF:src/DSCEngine.sol
FN:77,DSCEngine.moreThanZero
FNDA:0,DSCEngine.moreThanZero
DA:78,0
BRDA:78,0,0,-
DA:79,0
FN:84,DSCEngine.isAllowedToken
FNDA:2,DSCEngine.isAllowedToken
DA:85,2
BRDA:85,1,0,1
DA:86,1
FN:91,DSCEngine.
FNDA:9,DSCEngine.
DA:92,8
BRDA:92,2,0,3
DA:93,3
DA:95,3
DA:96,5
DA:97,4
DA:99,3
FN:111,DSCEngine.depositCollateralAndMintDsc
FNDA:0,DSCEngine.depositCollateralAndMintDsc
DA:112,0
DA:113,0
FN:121,DSCEngine.depositCollateral
FNDA:3,DSCEngine.depositCollateral
DA:127,1
DA:128,1
DA:129,1
DA:134,1
BRDA:134,3,0,-
DA:135,0
FN:141,DSCEngine.redeemCollateralForDsc
FNDA:0,DSCEngine.redeemCollateralForDsc
DA:142,0
DA:143,0
FN:146,DSCEngine.redeemCollateral
FNDA:0,DSCEngine.redeemCollateral
DA:147,0
DA:148,0
FN:157,DSCEngine.mintDsc
FNDA:0,DSCEngine.mintDsc
DA:158,0
DA:159,0
DA:160,0
DA:161,0
BRDA:161,4,0,-
DA:162,0
FN:166,DSCEngine.burnDsc
FNDA:0,DSCEngine.burnDsc
DA:167,0
DA:168,0
FN:171,DSCEngine.liquidate
FNDA:0,DSCEngine.liquidate
DA:172,0
DA:173,0
BRDA:173,5,0,-
DA:174,0
DA:176,0
DA:177,0
DA:178,0
DA:179,0
DA:180,0
DA:182,0
DA:183,0
BRDA:183,6,0,-
DA:184,0
DA:186,0
FN:189,DSCEngine.getHealthFactor
FNDA:0,DSCEngine.getHealthFactor
FN:191,DSCEngine._redeemCollateral
FNDA:0,DSCEngine._redeemCollateral
DA:192,0
DA:193,0
DA:194,0
DA:195,0
BRDA:195,7,0,-
DA:196,0
FN:200,DSCEngine._burnDsc
FNDA:0,DSCEngine._burnDsc
DA:201,0
DA:202,0
DA:203,0
BRDA:203,8,0,-
DA:204,0
DA:206,0
FN:209,DSCEngine._getAccountInformation
FNDA:1,DSCEngine._getAccountInformation
DA:210,1
DA:211,1
FN:219,DSCEngine._healthFactor
FNDA:0,DSCEngine._healthFactor
DA:220,0
DA:221,0
DA:222,0
FN:231,DSCEngine._revertIfHealthFactorIsBroken
FNDA:0,DSCEngine._revertIfHealthFactorIsBroken
DA:232,0
DA:233,0
BRDA:233,9,0,-
DA:234,0
FN:238,DSCEngine.getTokenAmountFromUsd
FNDA:2,DSCEngine.getTokenAmountFromUsd
DA:239,2
DA:240,2
DA:241,2
FN:244,DSCEngine.getAccountCollateralValue
FNDA:0,DSCEngine.getAccountCollateralValue
DA:245,1
DA:246,2
DA:247,2
DA:248,2
DA:250,0
FN:253,DSCEngine.getUsdValue
FNDA:1,DSCEngine.getUsdValue
DA:254,3
DA:255,3
DA:256,3
FN:259,DSCEngine.getAccountInformation
FNDA:1,DSCEngine.getAccountInformation
DA:260,1
FNF:20
FNH:7
LF:70
LH:25
BRF:10
BRH:2
end_of_record
TN:
SF:src/DecentralizedStableCoin.sol
FN:47,DecentralizedStableCoin.
FNDA:0,DecentralizedStableCoin.
FN:49,DecentralizedStableCoin.burn
FNDA:0,DecentralizedStableCoin.burn
DA:50,0
DA:51,0
BRDA:51,0,0,-
DA:52,0
DA:54,0
BRDA:54,1,0,-
DA:55,0
DA:57,0
FN:60,DecentralizedStableCoin.mint
FNDA:0,DecentralizedStableCoin.mint
DA:61,0
BRDA:61,2,0,-
DA:62,0
DA:64,0
BRDA:64,3,0,-
DA:65,0
DA:67,0
DA:68,0
FNF:3
FNH:0
LF:12
LH:0
BRF:4
BRH:0
end_of_record
TN:
SF:test/mocks/MockV3Aggregator.sol
FN:24,MockV3Aggregator.
FNDA:0,MockV3Aggregator.
DA:25,0
DA:26,0
FN:29,MockV3Aggregator.updateAnswer
FNDA:0,MockV3Aggregator.updateAnswer
DA:30,0
DA:31,0
DA:32,0
DA:33,0
DA:34,0
DA:35,0
FN:38,MockV3Aggregator.updateRoundData
FNDA:0,MockV3Aggregator.updateRoundData
DA:39,0
DA:40,0
DA:41,0
DA:42,0
DA:43,0
DA:44,0
FN:47,MockV3Aggregator.getRoundData
FNDA:0,MockV3Aggregator.getRoundData
DA:52,0
FN:55,MockV3Aggregator.latestRoundData
FNDA:5,MockV3Aggregator.latestRoundData
DA:60,5
FN:69,MockV3Aggregator.description
FNDA:0,MockV3Aggregator.description
DA:70,0
FNF:6
FNH:1
LF:17
LH:1
BRF:0
BRH:0
end_of_record
